SF:lib\app\services\auth_service.dart
DA:45,0
DA:47,0
DA:48,0
DA:50,0
DA:51,0
DA:53,0
DA:54,0
DA:58,0
DA:64,0
DA:65,0
DA:69,0
DA:70,0
DA:76,0
DA:82,0
DA:83,0
DA:87,0
DA:88,0
DA:89,0
DA:104,0
DA:106,0
DA:108,0
DA:113,0
DA:114,0
DA:115,0
DA:116,0
DA:121,0
DA:122,0
DA:124,0
DA:125,0
DA:126,0
DA:129,0
DA:130,0
DA:136,0
DA:137,0
DA:138,0
DA:139,0
DA:144,0
DA:145,0
DA:146,0
DA:147,0
DA:152,0
DA:165,0
DA:171,0
DA:176,0
DA:178,0
DA:179,0
DA:180,0
DA:183,0
DA:184,0
DA:185,0
DA:187,0
DA:188,0
DA:191,0
DA:193,0
DA:194,0
DA:196,0
DA:208,0
DA:211,0
DA:212,0
DA:216,0
DA:218,0
DA:219,0
DA:220,0
DA:221,0
DA:222,0
DA:225,0
DA:230,0
DA:237,0
DA:240,0
DA:242,0
DA:243,0
DA:247,0
DA:254,0
DA:259,0
DA:262,0
DA:266,0
DA:268,0
DA:272,0
DA:273,0
DA:274,0
DA:276,0
DA:277,0
DA:279,0
DA:281,0
DA:283,0
DA:285,0
DA:287,0
DA:289,0
DA:291,0
DA:293,0
DA:295,0
DA:298,0
LF:92
LH:0
end_of_record
SF:lib\app\models\booking_model.dart
DA:18,3
DA:25,4
DA:26,5
DA:27,2
DA:28,2
DA:29,2
DA:32,4
DA:33,4
DA:34,2
DA:35,2
DA:36,2
DA:69,5
DA:92,3
DA:93,3
DA:94,3
DA:95,3
DA:96,3
DA:97,3
DA:98,3
DA:99,3
DA:101,8
DA:103,8
DA:104,3
DA:105,3
DA:106,12
DA:107,2
DA:109,3
DA:110,12
DA:111,2
DA:113,3
DA:114,5
DA:115,3
DA:116,3
DA:117,3
DA:118,3
DA:119,5
DA:120,7
DA:121,3
DA:122,3
DA:123,3
DA:125,3
DA:129,6
DA:130,6
DA:131,6
DA:132,6
DA:133,6
DA:134,9
DA:135,9
DA:136,6
DA:137,9
DA:138,9
DA:139,6
DA:140,6
DA:141,12
DA:142,6
DA:143,6
DA:144,3
DA:145,3
DA:148,2
DA:165,2
DA:166,2
DA:167,2
DA:168,2
DA:169,1
DA:170,2
DA:171,1
DA:172,1
DA:173,1
DA:174,2
DA:175,2
DA:176,2
DA:177,2
DA:178,2
DA:179,2
DA:180,2
DA:181,2
DA:182,2
DA:183,2
DA:184,2
DA:185,2
DA:189,15
DA:190,1
DA:191,4
DA:192,5
DA:193,2
DA:194,2
DA:195,10
DA:198,4
DA:199,8
DA:200,6
DA:215,2
DA:216,6
DA:217,1
DA:218,1
DA:219,2
DA:220,1
DA:222,1
DA:224,5
DA:227,0
DA:228,0
DA:232,0
DA:233,0
LF:102
LH:98
end_of_record
SF:lib\app\models\notification_model.dart
DA:20,4
DA:28,2
DA:29,2
DA:30,2
DA:31,2
DA:32,2
DA:33,2
DA:34,2
DA:36,5
DA:40,2
DA:41,1
DA:42,1
DA:43,1
DA:44,1
DA:47,4
DA:48,2
DA:49,2
DA:50,2
DA:51,1
DA:52,2
DA:55,1
DA:56,3
LF:22
LH:22
end_of_record
SF:lib\app\models\parking_model.dart
DA:29,6
DA:41,1
DA:52,2
DA:53,2
DA:54,2
DA:55,2
DA:56,2
DA:57,2
DA:58,2
DA:59,2
DA:60,2
DA:61,2
DA:62,2
DA:63,2
DA:67,2
DA:68,1
DA:69,1
DA:70,1
DA:71,1
DA:72,1
DA:73,1
DA:74,1
DA:75,1
DA:78,8
DA:79,6
DA:80,3
DA:81,8
DA:83,1
DA:84,3
DA:106,2
DA:115,2
DA:116,2
DA:117,2
DA:118,2
DA:119,4
DA:120,5
DA:121,4
DA:123,5
DA:125,5
DA:129,2
DA:130,1
DA:131,1
DA:132,1
DA:133,1
DA:134,1
DA:137,12
DA:138,18
DA:140,8
LF:48
LH:48
end_of_record
SF:lib\app\models\user_model.dart
DA:31,6
DA:45,2
DA:46,2
DA:47,2
DA:48,2
DA:49,2
DA:50,2
DA:51,2
DA:52,2
DA:53,2
DA:54,2
DA:55,2
DA:56,3
DA:58,4
DA:59,2
DA:60,2
DA:64,4
DA:65,4
DA:66,4
DA:67,4
DA:68,4
DA:69,4
DA:70,4
DA:71,4
DA:72,4
DA:73,4
DA:74,2
DA:77,2
DA:85,2
DA:86,2
DA:87,2
DA:88,2
DA:89,2
DA:90,2
DA:91,1
DA:92,2
DA:93,2
DA:94,2
DA:97,4
DA:99,2
DA:100,6
DA:101,16
DA:102,5
DA:105,3
DA:107,1
DA:108,3
LF:46
LH:46
end_of_record
SF:lib\app\models\vehicle_model.dart
DA:40,4
DA:58,2
DA:59,2
DA:60,2
DA:61,2
DA:62,2
DA:63,2
DA:64,2
DA:65,2
DA:66,2
DA:67,2
DA:68,2
DA:69,2
DA:70,2
DA:71,2
DA:72,2
DA:74,4
DA:75,2
DA:76,4
DA:80,4
DA:81,2
DA:82,2
DA:83,2
DA:84,2
DA:85,2
DA:86,2
DA:87,2
DA:88,2
DA:89,2
DA:90,2
DA:91,2
DA:92,2
DA:93,2
DA:94,2
DA:97,2
DA:105,2
DA:106,2
DA:107,2
DA:108,2
DA:109,2
DA:110,2
DA:111,2
DA:112,2
DA:113,2
DA:114,2
DA:115,2
DA:116,1
DA:117,2
DA:118,2
DA:119,2
DA:120,2
DA:123,8
DA:124,1
DA:125,3
DA:126,1
DA:127,3
DA:129,1
DA:130,3
LF:58
LH:58
end_of_record
SF:lib\app\models\wallet_model.dart
DA:16,4
DA:18,2
DA:19,2
DA:20,2
DA:21,2
DA:22,2
DA:26,3
DA:28,1
DA:29,3
DA:31,3
DA:33,1
DA:34,3
DA:75,3
DA:87,2
DA:88,2
DA:89,2
DA:90,2
DA:92,2
DA:93,2
DA:94,4
DA:95,2
DA:96,2
DA:100,2
DA:101,2
DA:102,2
DA:103,2
DA:104,2
DA:106,2
DA:107,2
DA:108,5
DA:109,2
DA:110,2
DA:111,6
DA:112,1
DA:117,1
DA:118,2
DA:119,1
DA:120,1
DA:121,1
DA:122,1
DA:123,1
DA:124,1
DA:127,1
DA:128,1
DA:129,1
DA:130,2
DA:131,1
DA:135,9
DA:136,9
DA:137,6
DA:139,1
DA:140,4
LF:52
LH:52
end_of_record
SF:lib\app\services\firestore_service.dart
DA:105,1
DA:106,0
DA:108,1
DA:109,2
DA:110,1
DA:111,2
DA:112,1
DA:113,2
DA:126,1
DA:133,2
DA:136,1
DA:139,1
DA:142,1
DA:145,1
DA:146,1
DA:152,1
DA:154,5
DA:156,1
DA:158,3
DA:159,1
DA:160,1
DA:163,1
DA:165,1
DA:166,1
DA:167,1
DA:168,1
DA:169,2
DA:172,1
DA:175,5
DA:176,2
DA:179,1
DA:181,3
DA:184,1
DA:186,4
DA:187,3
DA:190,1
DA:192,5
DA:193,6
DA:196,1
DA:199,5
DA:200,1
DA:203,1
DA:206,1
DA:207,1
DA:208,1
DA:209,1
DA:210,1
DA:212,1
DA:214,5
DA:216,1
DA:218,2
DA:219,4
DA:220,2
DA:221,3
DA:223,1
DA:224,4
DA:225,1
DA:227,1
DA:231,1
DA:233,2
DA:234,3
DA:237,1
DA:238,1
DA:239,1
DA:240,5
DA:242,1
DA:245,5
DA:246,2
DA:247,3
DA:250,0
DA:251,0
DA:252,0
DA:253,0
DA:254,0
DA:255,0
DA:256,0
DA:257,0
DA:259,1
DA:262,1
DA:263,1
DA:264,1
DA:265,1
DA:266,1
DA:268,1
DA:274,1
DA:277,1
DA:281,1
DA:282,2
DA:283,1
DA:284,2
DA:285,2
DA:286,1
DA:293,4
DA:294,1
DA:297,1
DA:303,1
DA:306,4
DA:307,2
DA:308,1
DA:309,2
DA:310,2
DA:311,1
DA:318,4
DA:319,1
DA:323,1
DA:326,1
DA:328,3
DA:337,1
DA:338,1
DA:339,1
DA:340,1
DA:341,1
DA:343,3
DA:344,1
DA:345,2
DA:346,2
DA:347,1
DA:350,1
DA:351,1
DA:368,2
DA:369,1
DA:370,1
DA:371,1
DA:372,1
DA:374,2
DA:375,0
DA:376,0
DA:377,0
DA:378,0
DA:387,1
DA:388,1
DA:389,1
DA:390,1
DA:392,3
DA:393,1
DA:394,2
DA:395,2
DA:403,2
DA:404,1
DA:405,2
DA:411,1
DA:413,1
DA:414,1
DA:415,1
DA:416,1
DA:417,1
DA:418,3
DA:421,1
DA:423,1
DA:424,1
DA:425,1
DA:426,1
DA:427,1
DA:428,3
DA:436,0
DA:438,0
DA:439,0
DA:440,0
DA:441,0
DA:442,0
DA:443,0
DA:446,0
DA:448,0
DA:449,0
DA:450,0
DA:451,0
DA:452,0
DA:453,0
DA:456,1
DA:458,1
DA:459,1
DA:460,1
DA:461,1
DA:462,3
DA:465,1
DA:466,1
DA:467,1
DA:468,1
DA:469,1
DA:470,1
DA:471,5
DA:473,0
DA:476,0
DA:478,0
DA:480,0
DA:482,1
DA:485,5
DA:487,1
DA:490,3
DA:494,1
DA:496,5
DA:497,2
DA:498,3
DA:501,1
DA:503,7
DA:504,5
DA:506,0
DA:508,0
DA:509,0
DA:510,0
DA:511,0
DA:512,0
DA:513,0
DA:514,0
DA:515,0
DA:516,0
DA:520,1
DA:523,4
DA:527,1
DA:528,1
DA:529,1
DA:530,2
DA:531,5
DA:534,1
DA:535,1
DA:536,1
DA:537,2
DA:538,5
DA:541,2
DA:542,2
DA:543,5
DA:548,1
DA:550,5
DA:552,1
DA:555,1
DA:556,1
DA:557,1
DA:558,1
DA:559,2
DA:561,1
DA:570,1
DA:571,1
DA:572,1
DA:573,1
DA:574,1
DA:575,2
DA:580,1
DA:583,1
DA:592,1
DA:593,1
DA:594,1
DA:595,1
DA:596,1
DA:597,2
DA:603,1
DA:608,1
DA:610,1
DA:611,1
DA:612,1
DA:613,1
DA:614,1
DA:615,3
DA:616,3
DA:617,1
DA:618,1
DA:619,6
DA:621,1
DA:625,1
DA:631,5
DA:635,1
DA:638,1
DA:639,1
DA:640,1
DA:641,1
DA:642,1
DA:643,1
DA:644,5
DA:646,1
DA:648,1
DA:649,1
DA:650,1
DA:651,1
DA:652,2
LF:273
LH:232
end_of_record
SF:lib\app\viewmodels\auth_viewmodel.dart
DA:15,3
DA:19,2
DA:23,2
DA:28,0
DA:33,3
DA:37,2
DA:43,2
DA:50,15
DA:51,0
DA:54,15
DA:55,0
DA:66,5
DA:68,20
DA:69,20
DA:71,10
DA:72,0
DA:79,1
DA:83,3
DA:84,1
DA:86,2
DA:91,2
DA:94,0
DA:96,3
DA:97,3
DA:103,1
DA:104,3
DA:105,1
DA:108,2
DA:109,3
DA:112,1
DA:119,2
DA:122,1
DA:127,1
DA:128,0
DA:133,1
DA:134,1
DA:139,2
DA:144,0
DA:145,0
DA:151,1
DA:155,2
DA:156,1
DA:158,2
DA:163,2
DA:166,1
DA:168,0
DA:169,0
DA:175,2
DA:185,6
DA:186,2
DA:189,4
DA:194,4
DA:199,2
DA:201,2
DA:205,0
DA:214,0
DA:219,0
DA:224,0
DA:225,0
DA:229,2
DA:239,4
DA:240,4
DA:241,4
DA:244,4
DA:245,2
DA:246,6
DA:250,4
DA:255,3
DA:256,3
DA:266,1
DA:271,2
DA:273,3
DA:279,1
DA:281,2
DA:283,3
DA:290,1
DA:291,2
DA:296,1
DA:297,2
DA:298,1
DA:303,1
DA:304,2
DA:307,1
DA:313,0
DA:314,0
DA:315,0
DA:318,0
DA:319,0
DA:320,0
DA:324,0
DA:325,0
DA:326,0
DA:327,0
DA:328,0
DA:332,0
DA:333,0
DA:334,0
DA:338,0
DA:341,0
DA:342,0
DA:343,0
DA:344,0
DA:345,0
DA:346,0
DA:350,0
DA:351,0
DA:352,0
DA:354,0
DA:355,0
DA:358,0
DA:359,0
DA:368,15
DA:372,4
DA:373,2
DA:374,1
DA:378,4
DA:379,3
LF:117
LH:74
end_of_record
SF:lib\app\core\exceptions\booking_exceptions.dart
DA:3,2
DA:10,2
DA:27,2
LF:3
LH:3
end_of_record
SF:lib\app\core\utils\booking_conflict_util.dart
DA:9,2
DA:15,4
LF:2
LH:2
end_of_record
SF:lib\app\core\utils\booking_reminder_util.dart
DA:15,1
DA:22,1
DA:24,1
DA:25,3
DA:26,3
DA:27,3
DA:28,3
DA:30,1
DA:31,5
DA:33,1
DA:35,4
DA:42,1
DA:43,4
DA:62,1
DA:71,1
DA:72,1
DA:76,2
DA:77,1
DA:78,2
DA:79,2
DA:80,1
DA:81,2
DA:89,2
DA:90,1
DA:91,2
DA:92,2
DA:93,2
DA:94,1
DA:101,2
DA:102,4
DA:103,4
DA:104,2
DA:105,2
DA:106,2
DA:107,2
DA:108,1
DA:115,2
DA:116,1
DA:117,2
DA:118,2
DA:119,2
DA:120,1
DA:126,2
DA:127,2
DA:128,2
DA:129,1
DA:130,2
DA:131,1
LF:48
LH:48
end_of_record
SF:lib\l10n\app_localizations.dart
DA:65,6
DA:69,0
DA:70,0
DA:2326,2
DA:2328,0
DA:2330,0
DA:2333,0
DA:2334,0
DA:2336,0
DA:2340,2
DA:2344,2
DA:2345,3
DA:2346,2
DA:2349,0
LF:14
LH:6
end_of_record
SF:lib\app\core\utils\number_formatter.dart
DA:5,2
DA:6,2
DA:7,4
LF:3
LH:3
end_of_record
SF:lib\app\viewmodels\booking_viewmodel.dart
DA:23,3
DA:39,1
DA:41,1
DA:42,4
DA:48,2
DA:49,5
DA:50,1
DA:52,0
DA:53,0
DA:54,0
DA:56,3
DA:57,2
DA:58,3
DA:63,1
DA:64,3
DA:65,5
DA:70,0
DA:72,1
DA:78,1
DA:79,1
DA:80,1
DA:81,1
DA:96,1
DA:98,4
DA:100,3
DA:101,2
DA:102,2
DA:105,3
DA:106,0
DA:107,0
DA:108,0
DA:110,0
DA:111,0
DA:112,0
DA:113,0
DA:114,0
DA:118,3
DA:119,1
DA:120,0
DA:121,0
DA:122,0
DA:136,1
DA:137,3
DA:138,2
DA:140,1
DA:141,1
DA:142,3
DA:143,1
DA:144,2
DA:145,4
DA:146,3
DA:151,1
DA:152,2
DA:153,4
DA:160,1
DA:161,1
DA:163,1
DA:164,1
DA:165,3
DA:166,1
DA:167,2
DA:168,4
DA:169,3
DA:171,0
DA:172,0
DA:173,0
DA:174,0
DA:181,1
DA:191,1
DA:203,1
DA:206,2
DA:210,3
DA:211,1
DA:214,2
DA:216,1
DA:217,1
DA:221,1
DA:223,1
DA:224,1
DA:225,1
DA:226,1
DA:227,1
DA:228,1
DA:229,1
DA:230,1
DA:231,1
DA:232,1
DA:233,1
DA:236,3
DA:237,2
DA:238,6
DA:240,1
DA:241,4
DA:244,1
DA:245,1
DA:246,1
DA:247,1
DA:251,3
DA:252,1
DA:254,2
DA:255,2
DA:256,1
DA:257,2
DA:259,1
DA:270,5
DA:275,1
DA:283,1
DA:285,2
DA:286,0
DA:287,0
DA:289,0
DA:290,0
DA:293,2
DA:294,2
DA:295,1
DA:297,2
DA:298,1
DA:301,2
DA:302,2
DA:303,1
DA:305,1
DA:310,1
DA:315,1
DA:316,2
DA:317,2
DA:318,2
DA:319,1
DA:321,1
DA:322,3
DA:323,1
DA:324,2
DA:325,2
DA:327,2
DA:328,2
DA:329,2
DA:330,2
DA:331,1
DA:332,1
DA:335,1
DA:338,2
DA:339,1
DA:341,2
DA:342,3
DA:346,4
DA:347,2
DA:348,2
DA:349,1
DA:350,4
DA:351,1
DA:352,5
DA:360,1
DA:364,4
DA:367,3
DA:368,3
DA:370,1
DA:371,4
DA:374,1
DA:375,1
DA:376,1
DA:377,1
DA:382,0
DA:383,0
DA:384,0
DA:388,1
DA:389,6
DA:391,4
DA:396,1
DA:399,7
DA:401,3
DA:402,1
DA:404,1
DA:408,1
DA:409,2
DA:410,1
DA:414,3
DA:415,1
DA:416,2
DA:417,1
DA:418,1
DA:419,2
DA:424,7
DA:425,3
DA:427,0
DA:438,0
DA:441,0
DA:443,0
DA:446,0
DA:447,0
DA:450,0
DA:455,0
DA:456,0
DA:457,0
DA:458,0
DA:459,0
DA:460,0
DA:465,0
DA:466,0
DA:468,0
DA:477,3
DA:481,0
DA:482,0
LF:201
LH:157
end_of_record
SF:lib\app\screens\settings\settings_screen.dart
DA:15,0
DA:16,0
DA:17,0
DA:21,2
DA:22,1
DA:25,1
DA:26,1
DA:27,1
DA:28,1
DA:29,1
DA:30,1
DA:35,1
DA:36,1
DA:37,1
DA:38,2
DA:43,8
DA:44,2
DA:53,6
DA:54,2
DA:57,2
DA:59,8
DA:60,2
DA:65,2
DA:66,2
DA:67,2
DA:73,0
DA:86,4
DA:87,0
DA:91,0
DA:92,0
DA:93,0
DA:94,0
DA:95,0
DA:96,0
DA:103,0
DA:104,0
DA:106,0
DA:107,0
DA:108,0
DA:111,0
DA:118,2
DA:119,2
DA:120,1
DA:130,4
DA:138,1
DA:145,1
DA:146,1
DA:147,1
DA:148,1
DA:149,1
DA:150,1
DA:155,4
DA:156,2
DA:159,2
DA:160,2
DA:161,4
DA:162,2
DA:163,2
DA:164,2
DA:165,2
DA:166,2
DA:170,1
DA:171,1
DA:172,3
DA:173,3
DA:174,3
DA:175,3
DA:176,3
DA:179,1
DA:180,3
DA:187,1
DA:190,1
DA:196,3
DA:203,3
DA:204,2
DA:205,2
DA:206,2
DA:207,2
DA:209,1
DA:218,0
DA:220,0
DA:222,0
DA:223,0
DA:224,0
DA:226,0
DA:228,0
DA:230,0
DA:232,0
DA:233,0
DA:235,0
DA:236,0
DA:237,0
DA:238,0
DA:239,0
DA:240,0
DA:241,0
DA:243,0
DA:244,0
DA:245,0
DA:246,0
DA:247,0
DA:248,0
DA:255,0
DA:256,0
DA:258,0
DA:260,0
DA:261,0
DA:262,0
DA:263,0
DA:264,0
DA:265,0
DA:271,0
DA:272,0
DA:273,0
DA:274,0
DA:275,0
DA:276,0
DA:277,0
DA:278,0
DA:280,0
DA:281,0
DA:282,0
DA:283,0
DA:284,0
DA:285,0
DA:286,0
DA:287,0
DA:289,0
DA:290,0
DA:291,0
DA:292,0
DA:293,0
DA:294,0
DA:295,0
DA:296,0
DA:298,0
DA:299,0
DA:300,0
DA:301,0
DA:302,0
DA:303,0
DA:304,0
DA:305,0
DA:325,0
DA:331,0
DA:333,0
DA:335,0
DA:337,0
DA:338,0
DA:340,0
DA:348,0
DA:349,0
DA:351,0
DA:352,0
DA:353,0
DA:354,0
DA:360,0
DA:372,0
DA:378,0
DA:380,0
DA:381,0
DA:382,0
DA:384,0
DA:385,0
DA:386,0
DA:390,0
DA:404,0
DA:413,0
DA:415,0
DA:416,0
DA:417,0
DA:419,0
DA:421,0
DA:422,0
DA:424,0
DA:425,0
LF:176
LH:62
end_of_record
SF:lib\app\services\notification_service.dart
DA:26,0
DA:27,0
DA:28,0
DA:29,0
DA:30,0
DA:37,0
DA:38,0
DA:39,0
DA:40,0
DA:41,0
DA:53,0
DA:57,0
DA:59,0
DA:60,0
DA:64,0
DA:69,0
DA:71,0
DA:74,0
DA:75,0
DA:77,0
DA:79,0
DA:80,0
DA:82,0
DA:84,0
DA:85,0
DA:90,0
DA:94,0
DA:99,0
DA:100,0
DA:103,0
DA:107,0
DA:117,0
DA:125,0
DA:128,0
DA:130,0
DA:139,0
DA:140,0
DA:141,0
DA:142,0
DA:143,0
DA:144,0
DA:149,0
DA:150,0
DA:151,0
DA:155,0
DA:161,0
DA:162,0
DA:165,0
DA:169,0
DA:171,0
DA:173,0
DA:176,0
DA:177,0
DA:178,0
DA:181,0
DA:183,0
DA:185,0
DA:188,0
DA:192,0
DA:193,0
DA:194,0
DA:198,0
DA:200,0
DA:202,0
DA:205,0
DA:209,0
DA:216,0
DA:220,0
DA:222,0
DA:225,0
DA:226,0
DA:227,0
DA:230,0
DA:234,0
DA:235,0
DA:239,0
DA:241,0
DA:243,0
DA:249,0
DA:250,0
DA:252,0
DA:253,0
DA:254,0
DA:255,0
DA:259,0
DA:261,0
DA:262,0
DA:263,0
DA:265,0
DA:266,0
DA:267,0
DA:268,0
DA:269,0
DA:271,0
DA:282,0
DA:284,0
DA:285,0
DA:288,0
DA:292,0
DA:293,0
DA:294,0
DA:297,0
DA:302,3
DA:303,0
LF:104
LH:1
end_of_record
SF:lib\app\services\storage_service.dart
DA:33,0
DA:38,0
DA:40,0
DA:41,0
DA:43,0
DA:44,0
DA:47,0
DA:48,0
DA:49,0
DA:51,0
DA:52,0
DA:53,0
DA:56,0
DA:60,0
DA:69,0
DA:73,0
DA:75,0
DA:85,0
DA:90,0
DA:92,0
DA:105,0
DA:106,0
DA:111,7
DA:112,1
LF:24
LH:2
end_of_record
SF:lib\app\viewmodels\user_viewmodel.dart
DA:28,4
DA:38,3
DA:39,0
DA:40,1
DA:41,5
DA:42,1
DA:43,5
DA:44,2
DA:46,2
DA:54,2
DA:55,2
DA:56,2
DA:57,2
DA:58,2
DA:59,2
DA:83,2
DA:85,8
DA:86,8
DA:87,6
DA:88,0
DA:89,0
DA:90,0
DA:91,0
DA:92,0
DA:93,0
DA:94,0
DA:95,0
DA:99,6
DA:100,2
DA:101,0
DA:104,6
DA:105,4
DA:106,4
DA:112,2
DA:113,4
DA:114,6
DA:116,4
DA:117,4
DA:118,4
DA:119,4
DA:120,6
DA:124,4
DA:133,2
DA:134,2
DA:135,8
DA:136,6
DA:138,2
DA:139,0
DA:143,4
DA:144,2
DA:145,2
DA:146,2
DA:147,2
DA:154,5
DA:155,3
DA:158,3
DA:159,2
DA:160,8
DA:161,4
DA:162,4
DA:165,8
DA:166,2
DA:167,0
DA:168,0
DA:169,0
DA:171,0
DA:174,6
DA:177,3
DA:178,10
DA:179,4
DA:181,6
DA:185,6
DA:187,0
DA:188,0
DA:194,1
DA:195,2
DA:200,3
DA:201,3
DA:202,3
DA:209,1
DA:210,2
DA:211,1
DA:214,1
DA:215,2
DA:216,7
DA:217,3
DA:220,1
DA:221,2
DA:222,4
DA:223,3
DA:224,1
DA:225,3
DA:230,1
DA:232,4
DA:233,3
DA:234,1
DA:235,3
DA:238,2
DA:252,1
DA:254,9
DA:257,4
DA:258,3
DA:259,1
DA:260,3
DA:262,2
DA:263,2
DA:272,6
DA:277,0
DA:278,0
DA:282,0
DA:283,0
DA:287,0
DA:288,0
LF:113
LH:90
end_of_record
SF:lib\l10n\app_localizations_en.dart
DA:9,2
DA:11,0
DA:14,0
DA:17,0
DA:20,0
DA:23,0
DA:26,0
DA:29,0
DA:32,0
DA:35,0
DA:38,0
DA:41,0
DA:44,0
DA:47,0
DA:50,0
DA:53,0
DA:56,0
DA:59,0
DA:62,0
DA:65,0
DA:68,0
DA:71,0
DA:74,0
DA:77,0
DA:80,0
DA:83,0
DA:86,0
DA:89,0
DA:92,0
DA:95,0
DA:98,0
DA:101,0
DA:104,0
DA:107,0
DA:110,0
DA:113,0
DA:116,0
DA:119,0
DA:122,0
DA:125,0
DA:128,0
DA:131,0
DA:134,0
DA:137,0
DA:140,0
DA:143,0
DA:146,0
DA:149,0
DA:152,0
DA:155,0
DA:158,0
DA:161,0
DA:164,0
DA:167,0
DA:170,0
DA:173,0
DA:176,0
DA:179,0
DA:182,0
DA:185,0
DA:188,0
DA:191,0
DA:194,0
DA:197,0
DA:200,0
DA:203,0
DA:206,0
DA:209,0
DA:212,0
DA:215,0
DA:218,0
DA:221,0
DA:224,0
DA:227,0
DA:230,0
DA:233,0
DA:236,0
DA:239,0
DA:242,0
DA:245,0
DA:248,0
DA:251,0
DA:254,0
DA:257,0
DA:260,0
DA:263,0
DA:266,0
DA:269,0
DA:272,0
DA:275,0
DA:278,0
DA:281,0
DA:284,0
DA:287,0
DA:290,0
DA:293,0
DA:296,0
DA:299,0
DA:302,0
DA:305,0
DA:308,0
DA:311,0
DA:314,0
DA:317,0
DA:320,0
DA:323,0
DA:325,0
DA:328,0
DA:331,0
DA:334,0
DA:337,0
DA:340,0
DA:343,0
DA:346,0
DA:349,0
DA:352,0
DA:355,0
DA:358,0
DA:361,0
DA:364,0
DA:367,0
DA:370,0
DA:373,0
DA:376,0
DA:379,0
DA:382,0
DA:385,0
DA:388,0
DA:391,0
DA:394,0
DA:397,0
DA:400,0
DA:403,0
DA:405,0
DA:408,0
DA:411,0
DA:414,0
DA:417,0
DA:420,0
DA:423,0
DA:426,0
DA:429,0
DA:432,0
DA:435,0
DA:438,0
DA:441,0
DA:444,0
DA:447,0
DA:450,0
DA:453,0
DA:456,0
DA:459,0
DA:462,0
DA:465,0
DA:468,0
DA:471,0
DA:474,0
DA:477,0
DA:480,0
DA:483,0
DA:486,0
DA:489,0
DA:492,0
DA:495,0
DA:498,0
DA:501,0
DA:504,0
DA:507,0
DA:510,0
DA:513,0
DA:516,0
DA:519,0
DA:522,0
DA:525,0
DA:528,0
DA:531,0
DA:534,0
DA:537,0
DA:540,0
DA:543,0
DA:546,0
DA:549,0
DA:552,0
DA:555,0
DA:558,0
DA:561,0
DA:564,0
DA:567,0
DA:570,0
DA:573,0
DA:576,0
DA:579,0
DA:582,0
DA:585,0
DA:588,0
DA:591,0
DA:594,0
DA:597,0
DA:600,0
DA:603,0
DA:606,0
DA:609,0
DA:612,0
DA:615,0
DA:618,0
DA:621,0
DA:624,0
DA:627,0
DA:630,0
DA:633,0
DA:636,0
DA:639,0
DA:642,0
DA:645,0
DA:647,0
DA:650,0
DA:653,0
DA:655,0
DA:658,0
DA:661,0
DA:664,0
DA:667,0
DA:670,0
DA:673,0
DA:676,0
DA:679,0
DA:682,0
DA:685,0
DA:688,0
DA:690,0
DA:693,0
DA:696,0
DA:699,0
DA:701,0
DA:704,0
DA:706,0
DA:709,0
DA:712,0
DA:715,0
DA:718,0
DA:721,0
DA:724,0
DA:727,0
DA:730,0
DA:733,0
DA:736,0
DA:739,0
DA:742,0
DA:745,0
DA:748,0
DA:751,0
DA:754,0
DA:757,0
DA:760,0
DA:763,0
DA:766,0
DA:769,0
DA:772,0
DA:775,0
DA:778,0
DA:781,0
DA:784,0
DA:787,0
DA:790,1
DA:793,1
DA:795,1
DA:798,0
DA:801,0
DA:803,0
DA:806,0
DA:808,0
DA:811,0
DA:813,0
DA:816,0
DA:818,0
DA:821,0
DA:823,0
DA:826,0
DA:829,0
DA:832,0
DA:835,0
DA:838,0
DA:840,0
DA:843,0
DA:845,0
DA:848,0
DA:851,0
DA:854,0
DA:857,0
DA:859,0
DA:862,0
DA:865,0
DA:868,0
DA:871,0
DA:874,0
DA:877,0
DA:880,0
DA:882,0
DA:885,0
DA:888,0
DA:891,0
DA:894,0
DA:897,0
DA:900,0
DA:903,0
DA:906,0
DA:909,0
DA:912,0
DA:915,0
DA:918,0
DA:921,0
DA:924,0
DA:927,0
DA:930,0
DA:933,0
DA:936,0
DA:939,0
DA:942,0
DA:945,0
DA:947,0
DA:950,0
DA:953,0
DA:956,0
DA:959,0
DA:962,0
DA:965,0
DA:968,0
DA:971,0
DA:974,0
DA:977,0
DA:980,0
DA:983,0
DA:986,0
DA:989,0
DA:992,0
DA:994,0
DA:997,0
DA:1000,0
DA:1003,0
DA:1006,0
DA:1009,0
DA:1012,0
DA:1015,0
DA:1018,0
DA:1020,0
DA:1023,0
DA:1026,0
DA:1029,0
DA:1032,0
DA:1035,0
DA:1038,0
DA:1041,0
DA:1043,0
DA:1046,0
DA:1049,0
DA:1052,0
DA:1055,0
DA:1058,0
DA:1060,0
DA:1063,0
DA:1066,0
DA:1069,0
DA:1072,0
DA:1074,0
DA:1077,0
DA:1079,0
DA:1082,0
DA:1084,0
DA:1087,0
DA:1090,0
DA:1093,0
DA:1096,0
DA:1099,0
DA:1102,0
DA:1105,0
DA:1108,0
DA:1111,0
DA:1114,0
DA:1117,0
DA:1119,0
DA:1122,0
DA:1125,0
DA:1127,0
DA:1130,0
DA:1133,0
DA:1136,0
DA:1139,0
DA:1142,0
DA:1145,0
DA:1148,0
DA:1151,0
DA:1153,0
DA:1156,1
DA:1159,1
DA:1161,1
DA:1164,0
DA:1167,0
DA:1169,0
DA:1172,0
DA:1175,0
DA:1178,0
DA:1181,0
LF:402
LH:7
end_of_record
SF:lib\l10n\app_localizations_fr.dart
DA:9,2
DA:11,0
DA:14,0
DA:17,0
DA:20,0
DA:23,0
DA:26,0
DA:29,0
DA:32,0
DA:35,0
DA:38,0
DA:41,0
DA:44,0
DA:47,0
DA:50,0
DA:53,0
DA:56,0
DA:59,0
DA:62,0
DA:65,0
DA:68,0
DA:71,0
DA:74,0
DA:77,0
DA:80,0
DA:83,0
DA:86,0
DA:89,0
DA:92,0
DA:95,0
DA:98,0
DA:101,0
DA:104,0
DA:107,0
DA:110,0
DA:113,0
DA:116,0
DA:119,0
DA:122,0
DA:125,0
DA:128,0
DA:131,0
DA:134,0
DA:137,0
DA:140,0
DA:143,0
DA:146,0
DA:149,0
DA:152,0
DA:155,0
DA:158,0
DA:161,0
DA:164,0
DA:167,0
DA:170,0
DA:173,0
DA:176,0
DA:179,0
DA:182,0
DA:185,0
DA:188,0
DA:191,0
DA:194,0
DA:197,0
DA:200,0
DA:203,0
DA:206,0
DA:209,0
DA:212,0
DA:215,0
DA:218,0
DA:221,0
DA:224,0
DA:227,0
DA:230,0
DA:233,0
DA:236,0
DA:239,0
DA:242,0
DA:245,0
DA:248,0
DA:251,0
DA:254,0
DA:257,0
DA:260,0
DA:263,0
DA:266,0
DA:269,0
DA:272,0
DA:275,0
DA:278,0
DA:281,0
DA:284,0
DA:287,0
DA:290,0
DA:293,0
DA:296,0
DA:299,0
DA:302,0
DA:305,0
DA:308,0
DA:311,0
DA:314,0
DA:317,0
DA:320,0
DA:323,0
DA:325,0
DA:328,0
DA:331,0
DA:334,0
DA:337,0
DA:340,0
DA:343,0
DA:346,0
DA:349,0
DA:352,0
DA:355,0
DA:358,0
DA:361,0
DA:364,0
DA:367,0
DA:370,0
DA:373,0
DA:376,0
DA:379,0
DA:382,0
DA:385,0
DA:388,0
DA:391,0
DA:394,0
DA:397,0
DA:400,0
DA:403,0
DA:405,0
DA:408,0
DA:411,0
DA:414,0
DA:417,0
DA:420,0
DA:423,0
DA:426,0
DA:429,0
DA:432,0
DA:435,0
DA:438,0
DA:441,0
DA:444,0
DA:447,0
DA:450,0
DA:453,0
DA:456,0
DA:459,0
DA:462,0
DA:465,0
DA:468,0
DA:471,0
DA:474,0
DA:477,0
DA:480,0
DA:483,0
DA:486,0
DA:489,0
DA:492,0
DA:495,0
DA:498,0
DA:501,0
DA:504,0
DA:507,0
DA:510,0
DA:513,0
DA:516,0
DA:519,0
DA:522,0
DA:525,0
DA:528,0
DA:531,0
DA:534,0
DA:537,0
DA:540,0
DA:543,0
DA:546,0
DA:549,0
DA:552,0
DA:555,0
DA:558,0
DA:561,0
DA:564,0
DA:567,0
DA:570,0
DA:573,0
DA:576,0
DA:579,0
DA:582,0
DA:585,0
DA:588,0
DA:591,0
DA:594,0
DA:597,0
DA:600,0
DA:603,0
DA:606,0
DA:609,0
DA:612,0
DA:615,0
DA:618,0
DA:621,0
DA:624,0
DA:627,0
DA:630,0
DA:633,0
DA:636,0
DA:639,0
DA:642,0
DA:645,0
DA:647,0
DA:650,0
DA:653,0
DA:655,0
DA:658,0
DA:661,0
DA:664,0
DA:667,0
DA:670,0
DA:673,0
DA:676,0
DA:679,0
DA:682,0
DA:685,0
DA:688,0
DA:690,0
DA:693,0
DA:696,0
DA:699,0
DA:701,0
DA:704,0
DA:706,0
DA:709,0
DA:712,0
DA:715,0
DA:718,0
DA:721,0
DA:724,0
DA:727,0
DA:730,0
DA:733,0
DA:736,0
DA:739,0
DA:742,0
DA:745,0
DA:748,0
DA:751,0
DA:754,0
DA:757,0
DA:760,0
DA:763,0
DA:766,0
DA:769,0
DA:772,0
DA:775,0
DA:778,0
DA:781,0
DA:784,0
DA:787,0
DA:790,0
DA:793,0
DA:795,0
DA:798,1
DA:801,1
DA:803,1
DA:806,1
DA:808,1
DA:811,1
DA:813,1
DA:816,0
DA:818,0
DA:821,0
DA:823,0
DA:826,0
DA:829,0
DA:832,0
DA:835,0
DA:838,0
DA:840,0
DA:843,0
DA:845,0
DA:848,0
DA:851,0
DA:854,0
DA:857,0
DA:859,0
DA:862,0
DA:865,0
DA:868,0
DA:871,0
DA:874,0
DA:877,0
DA:880,0
DA:882,0
DA:885,0
DA:888,0
DA:891,0
DA:894,0
DA:897,0
DA:900,0
DA:903,0
DA:906,0
DA:909,0
DA:912,0
DA:915,0
DA:918,0
DA:921,0
DA:924,0
DA:927,0
DA:930,0
DA:933,0
DA:936,0
DA:939,0
DA:942,0
DA:945,0
DA:947,0
DA:950,0
DA:953,0
DA:956,0
DA:959,0
DA:962,0
DA:965,0
DA:968,0
DA:971,0
DA:974,0
DA:977,0
DA:980,0
DA:983,0
DA:986,0
DA:989,0
DA:992,0
DA:994,0
DA:997,0
DA:1000,0
DA:1003,0
DA:1006,0
DA:1009,0
DA:1012,0
DA:1015,0
DA:1018,0
DA:1020,0
DA:1023,0
DA:1026,0
DA:1029,0
DA:1032,0
DA:1035,0
DA:1038,0
DA:1041,0
DA:1043,0
DA:1046,0
DA:1049,0
DA:1052,0
DA:1055,0
DA:1058,0
DA:1060,0
DA:1063,0
DA:1066,0
DA:1069,0
DA:1072,0
DA:1074,0
DA:1077,0
DA:1079,0
DA:1082,0
DA:1084,0
DA:1087,0
DA:1090,0
DA:1093,0
DA:1096,0
DA:1099,0
DA:1102,0
DA:1105,0
DA:1108,0
DA:1111,0
DA:1114,0
DA:1117,1
DA:1119,1
DA:1122,1
DA:1125,1
DA:1127,1
DA:1130,1
DA:1133,1
DA:1136,0
DA:1139,0
DA:1142,0
DA:1145,0
DA:1148,0
DA:1151,1
DA:1153,1
DA:1156,0
DA:1159,0
DA:1161,0
DA:1164,0
DA:1167,0
DA:1169,0
DA:1172,0
DA:1175,0
DA:1178,0
DA:1181,0
LF:402
LH:17
end_of_record
SF:lib\app\models\parking_spot_model.dart
DA:20,1
DA:27,1
DA:35,1
DA:38,1
DA:39,1
DA:41,1
DA:43,1
DA:49,1
DA:51,2
DA:57,2
DA:58,1
DA:59,1
DA:60,1
DA:61,0
DA:64,1
DA:65,1
DA:66,1
DA:68,1
DA:70,1
DA:72,1
DA:77,1
DA:78,1
DA:79,1
DA:81,1
DA:83,1
DA:85,1
DA:90,1
DA:91,1
DA:92,1
DA:94,1
DA:96,1
DA:98,1
DA:103,5
DA:105,1
DA:106,4
DA:110,1
DA:118,2
DA:120,3
DA:128,1
DA:129,5
LF:40
LH:39
end_of_record
SF:lib\app\models\time_slot_model.dart
DA:13,1
DA:20,1
DA:21,1
DA:22,1
DA:23,1
DA:24,0
DA:25,1
DA:28,1
DA:29,6
DA:30,6
DA:31,1
DA:34,6
DA:36,1
DA:37,7
DA:39,2
DA:40,3
DA:41,4
DA:44,1
DA:45,3
DA:51,1
DA:56,1
DA:57,1
DA:58,1
DA:60,2
DA:61,2
DA:62,2
DA:63,2
DA:65,3
DA:66,1
DA:68,3
DA:69,3
DA:71,1
DA:72,1
DA:73,1
DA:74,7
DA:77,2
LF:36
LH:35
end_of_record
SF:lib\app\services\ml_kit_service.dart
DA:14,0
DA:15,0
DA:17,0
DA:18,0
DA:19,0
DA:20,0
DA:22,0
DA:25,0
DA:32,0
DA:33,0
DA:37,0
DA:38,0
DA:39,0
DA:40,0
DA:42,0
DA:45,0
DA:59,1
DA:60,1
DA:61,1
DA:67,1
DA:70,1
DA:82,4
DA:83,3
DA:86,2
DA:87,1
DA:90,1
DA:98,0
DA:99,0
DA:100,0
DA:109,1
LF:30
LH:11
end_of_record
SF:lib\app\services\qr_service.dart
DA:33,2
DA:34,1
DA:35,2
DA:36,1
DA:37,5
DA:43,1
DA:47,1
DA:48,3
DA:49,1
DA:54,1
DA:56,1
DA:57,3
DA:58,1
DA:68,1
DA:69,3
DA:70,2
DA:75,1
DA:76,2
DA:77,1
DA:78,1
DA:81,1
DA:83,1
DA:84,2
DA:85,1
DA:86,2
DA:87,1
DA:88,3
DA:89,3
DA:104,1
DA:111,1
DA:113,4
LF:31
LH:31
end_of_record
SF:lib\app\core\utils\connectivity_check_util.dart
DA:20,1
DA:25,1
DA:28,2
DA:29,4
LF:4
LH:4
end_of_record
SF:lib\app\viewmodels\connectivity_viewmodel.dart
DA:12,1
DA:18,2
DA:19,3
DA:20,3
DA:22,1
DA:27,1
DA:28,1
DA:29,0
DA:30,0
DA:43,0
DA:46,0
DA:48,0
DA:52,0
DA:53,0
DA:54,0
DA:55,0
DA:56,0
DA:61,0
DA:62,0
DA:63,0
DA:64,0
DA:65,0
DA:74,0
DA:75,0
DA:76,0
DA:81,0
DA:82,0
LF:27
LH:7
end_of_record
SF:lib\app\viewmodels\parking_viewmodel.dart
DA:19,1
DA:27,3
DA:29,1
DA:36,1
DA:37,1
DA:38,1
DA:39,1
DA:40,1
DA:53,1
DA:55,4
DA:56,2
DA:58,3
DA:59,0
DA:62,3
DA:63,1
DA:68,1
DA:69,3
DA:71,2
DA:72,4
DA:73,3
DA:75,3
DA:76,4
DA:80,1
DA:81,3
DA:83,3
DA:84,3
DA:86,3
DA:90,0
DA:91,0
DA:93,0
DA:94,0
DA:95,0
DA:96,0
DA:97,0
DA:102,3
LF:35
LH:27
end_of_record
SF:lib\app\services\location_service.dart
DA:15,0
DA:16,0
DA:19,0
DA:21,0
DA:22,0
DA:23,0
DA:26,0
DA:35,0
DA:36,0
DA:40,0
DA:54,0
DA:60,0
DA:64,0
DA:70,0
DA:77,0
DA:78,0
DA:80,0
DA:87,0
DA:88,0
LF:19
LH:0
end_of_record
